Starting GyfwApplication on DESKTOP-8ARQODM with PID 13464 (F:\JavaProject\gyfw\target\classes started by ywq19 in F:\JavaProject\gyfw)
The following profiles are active: dev
Refreshing org.springframework.boot.web.servlet.context.AnnotationConfigServletWebServerApplicationContext@23fa734f: startup date [Thu Sep 13 14:59:04 CST 2018]; root of context hierarchy
Bean 'org.springframework.transaction.annotation.ProxyTransactionManagementConfiguration' of type [org.springframework.transaction.annotation.ProxyTransactionManagementConfiguration$$EnhancerBySpringCGLIB$$1a72eb3f] is not eligible for getting processed by all BeanPostProcessors (for example: not eligible for auto-proxying)
Tomcat initialized with port(s): 8081 (http)
Initializing ProtocolHandler ["http-nio-8081"]
Starting service [Tomcat]
Starting Servlet Engine: Apache Tomcat/8.5.31
The APR based Apache Tomcat Native library which allows optimal performance in production environments was not found on the java.library.path: [C:\Program Files\Java\jdk1.8.0_162\bin;C:\WINDOWS\Sun\Java\bin;C:\WINDOWS\system32;C:\WINDOWS;C:\ProgramData\Oracle\Java\javapath;E:\oracleDb\product\11.2.0\dbhome_1\bin;E:\开发软件安装\oracle\product\11.2.0\dbhome_1\bin;%Syst;mRoot%\system32;C:\WINDOWS;C:\WINDOWS\System32\Wbem;C:\WINDOWS\System32\WindowsPowerShell\v1.0\;E:\开发;件安装\sql2008r2\100\DTS\Binn\;E:;开发软件安装\sql2008r2\100\Tools\Binn\VSShell\Common7\IDE\;C:\Pr;gram Files (x86)\Microsoft Visual Studio 9.0\Common7\IDE\PrivateAssemblies\;E:\开发软件安装\svn\bin;gram Files\Microsoft\Web Platform Installer\;C:\Program Files (x86)\Microsoft ASP.NET\ASP.NET Web Pages\v1.0\;C:\Program Files (x86)\Windows Kits\8.0\Windows Performance Toolkit\;C:\Program Files\Microsoft SQL Server\110\Tools\Binn\;E:\开发软件安装\VisualSVN\bin;%USER;ROFILE%\.dnx\bin;C:\Program Files\Microsoft DNX\Dnvm\;C:\Program Files\Microsoft SQL Server\130\Tools\Binn\;C:\Program Files\dotnet\;C:\Program Files\Git\cmd;C:\WINDOWS\system32;E:\开发软件安装\sql2008r2\100\Tools\Binn\;E:\开发软件安装\sql2008r2\100\DTS\Binn\;E:\开发软件安装\sql2008r2\100\Tools\Binn\VSShell\Common7\IDE\;C:\Program Files (x86)\Microsoft Visual Studio 9.0\Common7\IDE\PrivateAssemblies\;C:\Program Files\nodejs\;C:\Program Files (x86)\dotnet\;C:\WINDOWS\System32\OpenSSH\;E:\开发软件安装\vscode\Microsoft VS Code\bin;C:\Program Files\Java\jdk1.8.0_162\bin;C:\Users\ywq19\AppData\Local\Microsoft\WindowsApps;E:\开发软件安装\vscode\Microsoft VS Code\bin;C:\Users\ywq19\AppData\Roaming\npm;D:\maven\apache-maven-3.5.4\bin;;.]
Initializing Spring embedded WebApplicationContext
Root WebApplicationContext: initialization completed in 3365 ms
Servlet dispatcherServlet mapped to [/]
Mapping filter: 'characterEncodingFilter' to: [/*]
Mapping filter: 'hiddenHttpMethodFilter' to: [/*]
Mapping filter: 'httpPutFormContentFilter' to: [/*]
Mapping filter: 'requestContextFilter' to: [/*]
HikariPool-1 - Starting...
HikariPool-1 - Start completed.
Building JPA container EntityManagerFactory for persistence unit 'default'
HHH000204: Processing PersistenceUnitInfo [
	name: default
	...]
HHH000412: Hibernate Core {5.2.17.Final}
HHH000206: hibernate.properties not found
HCANN000001: Hibernate Commons Annotations {5.0.1.Final}
HHH000400: Using dialect: org.hibernate.dialect.MySQL5Dialect
Initialized JPA EntityManagerFactory for persistence unit 'default'
Mapped URL path [/**/favicon.ico] onto handler of type [class org.springframework.web.servlet.resource.ResourceHttpRequestHandler]
Looking for @ControllerAdvice: org.springframework.boot.web.servlet.context.AnnotationConfigServletWebServerApplicationContext@23fa734f: startup date [Thu Sep 13 14:59:04 CST 2018]; root of context hierarchy
spring.jpa.open-in-view is enabled by default. Therefore, database queries may be performed during view rendering. Explicitly configure spring.jpa.open-in-view to disable this warning
Mapped "{[/loginValidate],methods=[GET]}" onto public com.wenqing.gyfw.viewobject.ResultVO com.wenqing.gyfw.controller.AccountController.loginValidate(java.lang.String,java.lang.String,org.springframework.ui.Model)
Mapped "{[/],methods=[GET]}" onto public java.lang.String com.wenqing.gyfw.controller.AccountController.login(org.springframework.ui.Model)
Mapped "{[/logout],methods=[GET]}" onto public org.springframework.web.servlet.ModelAndView com.wenqing.gyfw.controller.AccountController.logout(javax.servlet.http.HttpServletRequest,javax.servlet.http.HttpServletResponse,java.util.Map<java.lang.String, java.lang.Object>)
Mapped "{[/appoint/hello1],methods=[GET]}" onto public java.lang.String com.wenqing.gyfw.controller.AppointmentController.getListOne()
Mapped "{[/appoint/list],methods=[GET]}" onto public com.wenqing.gyfw.viewobject.ResultVO com.wenqing.gyfw.controller.AppointmentController.getList() throws java.lang.Exception
Mapped "{[/index],methods=[GET]}" onto public java.lang.String com.wenqing.gyfw.controller.HomeController.index()
Mapped "{[/mainPage],methods=[GET]}" onto public java.lang.String com.wenqing.gyfw.controller.HomeController.mainPage()
Exception encountered during context initialization - cancelling refresh attempt: org.springframework.beans.factory.BeanCreationException: Error creating bean with name 'requestMappingHandlerMapping' defined in class path resource [org/springframework/boot/autoconfigure/web/servlet/WebMvcAutoConfiguration$EnableWebMvcConfiguration.class]: Invocation of init method failed; nested exception is java.lang.IllegalStateException: Ambiguous mapping. Cannot map 'thymeleafController' method 
public java.lang.String com.wenqing.gyfw.controller.ThymeleafController.index(org.springframework.ui.Model)
to {[/index],methods=[GET]}: There is already 'homeController' bean method
public java.lang.String com.wenqing.gyfw.controller.HomeController.index() mapped.
Closing JPA EntityManagerFactory for persistence unit 'default'
HikariPool-1 - Shutdown initiated...
HikariPool-1 - Shutdown completed.
Stopping service [Tomcat]


Error starting ApplicationContext. To display the conditions report re-run your application with 'debug' enabled.
Starting GyfwApplication on DESKTOP-8ARQODM with PID 15912 (F:\JavaProject\gyfw\target\classes started by ywq19 in F:\JavaProject\gyfw)
The following profiles are active: dev
Refreshing org.springframework.boot.web.servlet.context.AnnotationConfigServletWebServerApplicationContext@2612310c: startup date [Thu Sep 13 15:02:56 CST 2018]; root of context hierarchy
Bean 'org.springframework.transaction.annotation.ProxyTransactionManagementConfiguration' of type [org.springframework.transaction.annotation.ProxyTransactionManagementConfiguration$$EnhancerBySpringCGLIB$$c82bffc6] is not eligible for getting processed by all BeanPostProcessors (for example: not eligible for auto-proxying)
Tomcat initialized with port(s): 8081 (http)
Initializing ProtocolHandler ["http-nio-8081"]
Starting service [Tomcat]
Starting Servlet Engine: Apache Tomcat/8.5.31
The APR based Apache Tomcat Native library which allows optimal performance in production environments was not found on the java.library.path: [C:\Program Files\Java\jdk1.8.0_162\bin;C:\WINDOWS\Sun\Java\bin;C:\WINDOWS\system32;C:\WINDOWS;C:\ProgramData\Oracle\Java\javapath;E:\oracleDb\product\11.2.0\dbhome_1\bin;E:\开发软件安装\oracle\product\11.2.0\dbhome_1\bin;%Syst;mRoot%\system32;C:\WINDOWS;C:\WINDOWS\System32\Wbem;C:\WINDOWS\System32\WindowsPowerShell\v1.0\;E:\开发;件安装\sql2008r2\100\DTS\Binn\;E:;开发软件安装\sql2008r2\100\Tools\Binn\VSShell\Common7\IDE\;C:\Pr;gram Files (x86)\Microsoft Visual Studio 9.0\Common7\IDE\PrivateAssemblies\;E:\开发软件安装\svn\bin;gram Files\Microsoft\Web Platform Installer\;C:\Program Files (x86)\Microsoft ASP.NET\ASP.NET Web Pages\v1.0\;C:\Program Files (x86)\Windows Kits\8.0\Windows Performance Toolkit\;C:\Program Files\Microsoft SQL Server\110\Tools\Binn\;E:\开发软件安装\VisualSVN\bin;%USER;ROFILE%\.dnx\bin;C:\Program Files\Microsoft DNX\Dnvm\;C:\Program Files\Microsoft SQL Server\130\Tools\Binn\;C:\Program Files\dotnet\;C:\Program Files\Git\cmd;C:\WINDOWS\system32;E:\开发软件安装\sql2008r2\100\Tools\Binn\;E:\开发软件安装\sql2008r2\100\DTS\Binn\;E:\开发软件安装\sql2008r2\100\Tools\Binn\VSShell\Common7\IDE\;C:\Program Files (x86)\Microsoft Visual Studio 9.0\Common7\IDE\PrivateAssemblies\;C:\Program Files\nodejs\;C:\Program Files (x86)\dotnet\;C:\WINDOWS\System32\OpenSSH\;E:\开发软件安装\vscode\Microsoft VS Code\bin;C:\Program Files\Java\jdk1.8.0_162\bin;C:\Users\ywq19\AppData\Local\Microsoft\WindowsApps;E:\开发软件安装\vscode\Microsoft VS Code\bin;C:\Users\ywq19\AppData\Roaming\npm;D:\maven\apache-maven-3.5.4\bin;;.]
Initializing Spring embedded WebApplicationContext
Root WebApplicationContext: initialization completed in 1592 ms
Servlet dispatcherServlet mapped to [/]
Mapping filter: 'characterEncodingFilter' to: [/*]
Mapping filter: 'hiddenHttpMethodFilter' to: [/*]
Mapping filter: 'httpPutFormContentFilter' to: [/*]
Mapping filter: 'requestContextFilter' to: [/*]
HikariPool-1 - Starting...
HikariPool-1 - Start completed.
Building JPA container EntityManagerFactory for persistence unit 'default'
HHH000204: Processing PersistenceUnitInfo [
	name: default
	...]
HHH000412: Hibernate Core {5.2.17.Final}
HHH000206: hibernate.properties not found
HCANN000001: Hibernate Commons Annotations {5.0.1.Final}
HHH000400: Using dialect: org.hibernate.dialect.MySQL5Dialect
Initialized JPA EntityManagerFactory for persistence unit 'default'
Mapped URL path [/**/favicon.ico] onto handler of type [class org.springframework.web.servlet.resource.ResourceHttpRequestHandler]
Looking for @ControllerAdvice: org.springframework.boot.web.servlet.context.AnnotationConfigServletWebServerApplicationContext@2612310c: startup date [Thu Sep 13 15:02:56 CST 2018]; root of context hierarchy
spring.jpa.open-in-view is enabled by default. Therefore, database queries may be performed during view rendering. Explicitly configure spring.jpa.open-in-view to disable this warning
Mapped "{[/loginValidate],methods=[GET]}" onto public com.wenqing.gyfw.viewobject.ResultVO com.wenqing.gyfw.controller.AccountController.loginValidate(java.lang.String,java.lang.String,org.springframework.ui.Model)
Mapped "{[/],methods=[GET]}" onto public java.lang.String com.wenqing.gyfw.controller.AccountController.login(org.springframework.ui.Model)
Mapped "{[/logout],methods=[GET]}" onto public org.springframework.web.servlet.ModelAndView com.wenqing.gyfw.controller.AccountController.logout(javax.servlet.http.HttpServletRequest,javax.servlet.http.HttpServletResponse,java.util.Map<java.lang.String, java.lang.Object>)
Mapped "{[/appoint/hello1],methods=[GET]}" onto public java.lang.String com.wenqing.gyfw.controller.AppointmentController.getListOne()
Mapped "{[/appoint/list],methods=[GET]}" onto public com.wenqing.gyfw.viewobject.ResultVO com.wenqing.gyfw.controller.AppointmentController.getList() throws java.lang.Exception
Mapped "{[/index],methods=[GET]}" onto public java.lang.String com.wenqing.gyfw.controller.HomeController.index()
Mapped "{[/mainPage],methods=[GET]}" onto public java.lang.String com.wenqing.gyfw.controller.HomeController.mainPage()
Mapped "{[/index1],methods=[GET]}" onto public org.springframework.web.servlet.ModelAndView com.wenqing.gyfw.controller.ThymeleafController.index1()
Mapped "{[/index3],methods=[GET]}" onto public java.lang.String com.wenqing.gyfw.controller.ThymeleafController.index3(org.springframework.ui.Model)
Mapped "{[/error]}" onto public org.springframework.http.ResponseEntity<java.util.Map<java.lang.String, java.lang.Object>> org.springframework.boot.autoconfigure.web.servlet.error.BasicErrorController.error(javax.servlet.http.HttpServletRequest)
Mapped "{[/error],produces=[text/html]}" onto public org.springframework.web.servlet.ModelAndView org.springframework.boot.autoconfigure.web.servlet.error.BasicErrorController.errorHtml(javax.servlet.http.HttpServletRequest,javax.servlet.http.HttpServletResponse)
Mapped URL path [/webjars/**] onto handler of type [class org.springframework.web.servlet.resource.ResourceHttpRequestHandler]
Mapped URL path [/**] onto handler of type [class org.springframework.web.servlet.resource.ResourceHttpRequestHandler]
Detected @ExceptionHandler methods in exceptionHandle
LiveReload server is running on port 35729
Registering beans for JMX exposure on startup
Bean with name 'dataSource' has been autodetected for JMX exposure
Located MBean 'dataSource': registering with JMX server as MBean [com.zaxxer.hikari:name=dataSource,type=HikariDataSource]
Starting ProtocolHandler ["http-nio-8081"]
Using a shared selector for servlet write/read
Tomcat started on port(s): 8081 (http) with context path ''
Started GyfwApplication in 5.105 seconds (JVM running for 6.233)
Initializing Spring FrameworkServlet 'dispatcherServlet'
FrameworkServlet 'dispatcherServlet': initialization started
FrameworkServlet 'dispatcherServlet': initialization completed in 23 ms
aop请求开始~~~~~~~~~~~~~~~~
URL=http://localhost:8081/appoint/list
Method=GET
IP=0:0:0:0:0:0:0:1
CLass.Method=com.wenqing.gyfw.controller.AppointmentController.getList()
Args={}
公寓服务
logInfo测试222222222222
HHH000397: Using ASTQueryTranslatorFactory
aop请求结束~~~~~~~~~~~~~~~Thu Sep 13 15:04:41 CST 2018
Resolved exception caused by Handler execution: org.springframework.web.HttpRequestMethodNotSupportedException: Request method 'POST' not supported
Resolved exception caused by Handler execution: org.springframework.web.HttpRequestMethodNotSupportedException: Request method 'POST' not supported
Closing org.springframework.boot.web.servlet.context.AnnotationConfigServletWebServerApplicationContext@2612310c: startup date [Thu Sep 13 15:02:56 CST 2018]; root of context hierarchy
Unregistering JMX-exposed beans on shutdown
Unregistering JMX-exposed beans
Closing JPA EntityManagerFactory for persistence unit 'default'
HikariPool-1 - Shutdown initiated...
HikariPool-1 - Shutdown completed.
Starting GyfwApplication on DESKTOP-8ARQODM with PID 15912 (F:\JavaProject\gyfw\target\classes started by ywq19 in F:\JavaProject\gyfw)
The following profiles are active: dev
Refreshing org.springframework.boot.web.servlet.context.AnnotationConfigServletWebServerApplicationContext@3fc21a8b: startup date [Thu Sep 13 15:06:19 CST 2018]; root of context hierarchy
Bean 'org.springframework.transaction.annotation.ProxyTransactionManagementConfiguration' of type [org.springframework.transaction.annotation.ProxyTransactionManagementConfiguration$$EnhancerBySpringCGLIB$$c82bffc6] is not eligible for getting processed by all BeanPostProcessors (for example: not eligible for auto-proxying)
Tomcat initialized with port(s): 8081 (http)
Initializing ProtocolHandler ["http-nio-8081"]
Starting service [Tomcat]
Starting Servlet Engine: Apache Tomcat/8.5.31
Initializing Spring embedded WebApplicationContext
Root WebApplicationContext: initialization completed in 1087 ms
Servlet dispatcherServlet mapped to [/]
Mapping filter: 'characterEncodingFilter' to: [/*]
Mapping filter: 'hiddenHttpMethodFilter' to: [/*]
Mapping filter: 'httpPutFormContentFilter' to: [/*]
Mapping filter: 'requestContextFilter' to: [/*]
HikariPool-2 - Starting...
HikariPool-2 - Start completed.
Building JPA container EntityManagerFactory for persistence unit 'default'
HHH000204: Processing PersistenceUnitInfo [
	name: default
	...]
HHH000400: Using dialect: org.hibernate.dialect.MySQL5Dialect
Initialized JPA EntityManagerFactory for persistence unit 'default'
Mapped URL path [/**/favicon.ico] onto handler of type [class org.springframework.web.servlet.resource.ResourceHttpRequestHandler]
Looking for @ControllerAdvice: org.springframework.boot.web.servlet.context.AnnotationConfigServletWebServerApplicationContext@3fc21a8b: startup date [Thu Sep 13 15:06:19 CST 2018]; root of context hierarchy
spring.jpa.open-in-view is enabled by default. Therefore, database queries may be performed during view rendering. Explicitly configure spring.jpa.open-in-view to disable this warning
Mapped "{[/loginValidate],methods=[POST]}" onto public com.wenqing.gyfw.viewobject.ResultVO com.wenqing.gyfw.controller.AccountController.loginValidate(java.lang.String,java.lang.String,org.springframework.ui.Model)
Mapped "{[/],methods=[GET]}" onto public java.lang.String com.wenqing.gyfw.controller.AccountController.login(org.springframework.ui.Model)
Mapped "{[/logout],methods=[GET]}" onto public org.springframework.web.servlet.ModelAndView com.wenqing.gyfw.controller.AccountController.logout(javax.servlet.http.HttpServletRequest,javax.servlet.http.HttpServletResponse,java.util.Map<java.lang.String, java.lang.Object>)
Mapped "{[/appoint/hello1],methods=[GET]}" onto public java.lang.String com.wenqing.gyfw.controller.AppointmentController.getListOne()
Mapped "{[/appoint/list],methods=[GET]}" onto public com.wenqing.gyfw.viewobject.ResultVO com.wenqing.gyfw.controller.AppointmentController.getList() throws java.lang.Exception
Mapped "{[/index],methods=[GET]}" onto public java.lang.String com.wenqing.gyfw.controller.HomeController.index()
Mapped "{[/mainPage],methods=[GET]}" onto public java.lang.String com.wenqing.gyfw.controller.HomeController.mainPage()
Mapped "{[/index1],methods=[GET]}" onto public org.springframework.web.servlet.ModelAndView com.wenqing.gyfw.controller.ThymeleafController.index1()
Mapped "{[/index3],methods=[GET]}" onto public java.lang.String com.wenqing.gyfw.controller.ThymeleafController.index3(org.springframework.ui.Model)
Mapped "{[/error]}" onto public org.springframework.http.ResponseEntity<java.util.Map<java.lang.String, java.lang.Object>> org.springframework.boot.autoconfigure.web.servlet.error.BasicErrorController.error(javax.servlet.http.HttpServletRequest)
Mapped "{[/error],produces=[text/html]}" onto public org.springframework.web.servlet.ModelAndView org.springframework.boot.autoconfigure.web.servlet.error.BasicErrorController.errorHtml(javax.servlet.http.HttpServletRequest,javax.servlet.http.HttpServletResponse)
Mapped URL path [/webjars/**] onto handler of type [class org.springframework.web.servlet.resource.ResourceHttpRequestHandler]
Mapped URL path [/**] onto handler of type [class org.springframework.web.servlet.resource.ResourceHttpRequestHandler]
Detected @ExceptionHandler methods in exceptionHandle
LiveReload server is running on port 35729
Registering beans for JMX exposure on startup
Bean with name 'dataSource' has been autodetected for JMX exposure
Located MBean 'dataSource': registering with JMX server as MBean [com.zaxxer.hikari:name=dataSource,type=HikariDataSource]
Starting ProtocolHandler ["http-nio-8081"]
Using a shared selector for servlet write/read
Tomcat started on port(s): 8081 (http) with context path ''
Started GyfwApplication in 1.873 seconds (JVM running for 206.918)
Condition evaluation unchanged
Initializing Spring FrameworkServlet 'dispatcherServlet'
FrameworkServlet 'dispatcherServlet': initialization started
FrameworkServlet 'dispatcherServlet': initialization completed in 6 ms
